<?xml version="1.0" encoding="UTF-8"?>
<!-- Generated by org.testng.reporters.JUnitXMLReporter -->
<testsuite ignored="0" hostname="MACPK-WKS-0132" failures="1" tests="54" name="Default test" time="1588.41" errors="0" timestamp="11 Nov 2019 13:19:24 GMT">
  <testcase classname="Master.OrdersExecution1" name="LoginApp" time="25.093"/>
  <testcase classname="Master.OrdersExecution1" name="OrdersListing_SearchOrderField_PlaceholderVerification" time="3.96"/>
  <testcase classname="Master.OrdersExecution1" name="Settings_AutomaticSalesTaxChecked" time="7.853"/>
  <testcase classname="Master.OrdersExecution1" name="Percentage_square_in_Orders_SummaryWidget_ToolTip_TextVerification" time="7.406"/>
  <testcase classname="Master.OrdersExecution1" name="Percentage_circle_inOrdersSummary_Widget_ToolTip_TextVerification" time="6.744"/>
  <testcase classname="Master.OrdersExecution1" name="PayWith_ElectronicFundsOption_DropdownValueVerification" time="6.156"/>
  <testcase classname="Master.OrdersExecution1" name="ShipVia_LoomisGroundOption_DropdownValueVerifcation" time="0.362"/>
  <testcase classname="Master.OrdersExecution1" name="OrderSaving_WithoutSalesPerson_ValidationVerification" time="13.049"/>
  <testcase classname="Master.OrdersExecution1" name="UploadDSTFileOrders_Orderlevel" time="73.66"/>
  <testcase classname="Master.OrdersExecution1" name="InvalidFileUpload_ErrorMessageDisplayVerification" time="27.859"/>
  <testcase classname="Master.OrdersExecution1" name="UploadSVGFileOrders_Orderlevel" time="27.717"/>
  <testcase classname="Master.OrdersExecution1" name="Upload_AIExtensionFile" time="42.859"/>
  <testcase classname="Master.OrdersExecution1" name="CustomProducts_SupplierSelectionDropdown_Verification" time="4.319"/>
  <testcase classname="Master.OrdersExecution1" name="VerifyCogWheelNotExistsFor_CustomProductsVerification" time="48.569"/>
  <testcase classname="Master.OrdersExecution1" name="DeleteOrder_Orderlevel" time="7.065"/>
  <testcase classname="Master.OrdersExecution1" name="CustomerFacingDoc_CPN_Visible_EnableFromSettings" time="31.586"/>
  <testcase classname="Master.OrdersExecution1" name="CreateQuote_BillingAddress_Verification" time="29.98"/>
  <testcase classname="Master.OrdersExecution1" name="CreateQuote_ShippingAddress_Verification" time="0.26"/>
  <testcase classname="Master.OrdersExecution1" name="CreateQuote_AddingProductToQuote" time="5.825"/>
  <testcase classname="Master.OrdersExecution1" name="CreateQuote_Verification" time="68.776"/>
  <testcase classname="Master.OrdersExecution1" name="ShipAccountNo_Checkbox_Uncheck_ByDefaultVerification" time="0.222"/>
  <testcase classname="Master.OrdersExecution1" name="ShipAccountNotVisible_Visible_Checkbox_UncheckForAccountNo" time="99.686"/>
  <testcase classname="Master.OrdersExecution1" name="CPN_Number_QuoteDocPreview_Verification" time="2.31"/>
  <testcase classname="Master.OrdersExecution1" name="VendorNotes_DecoratorNotes_Visible_checkbox_SelectedAtProductLevel_QuotePreviewVerification" time="92.759"/>
  <testcase classname="Master.OrdersExecution1" name="ShipAccountNo_Visibility_QuoteDocumentVerification" time="275.697">
    <failure type="org.openqa.selenium.NoSuchElementException" message="no such element: Unable to locate element: {&amp;quot;method&amp;quot;:&amp;quot;xpath&amp;quot;,&amp;quot;selector&amp;quot;:&amp;quot;//*[@id=&amp;apos;order-contact&amp;apos;]/div/div[2]/div[4]/p&amp;quot;}
  (Session info: chrome=78.0.3904.97)
For documentation on this error, please visit: http://seleniumhq.org/exceptions/no_such_element.html
Build info: version: &amp;apos;3.6.0&amp;apos;, revision: &amp;apos;6fbf3ec767&amp;apos;, time: &amp;apos;2017-09-27T15:28:36.4Z&amp;apos;
System info: host: &amp;apos;MACPK-WKS-0132&amp;apos;, ip: &amp;apos;172.25.178.139&amp;apos;, os.name: &amp;apos;Windows 10&amp;apos;, os.arch: &amp;apos;amd64&amp;apos;, os.version: &amp;apos;10.0&amp;apos;, java.version: &amp;apos;12.0.2&amp;apos;
Driver info: org.openqa.selenium.chrome.ChromeDriver
Capabilities [{networkConnectionEnabled=false, chrome={chromedriverVersion=78.0.3904.70 (edb9c9f3de0247fd912a77b7f6cae7447f6d3ad5-refs/branch-heads/3904@{#800}), userDataDir=C:\Users\MUHAMM~1.IFT\AppData\Local\Temp\scoped_dir16940_384956409}, timeouts={implicit=0, pageLoad=300000, script=30000}, pageLoadStrategy=normal, unhandledPromptBehavior=dismiss and notify, strictFileInteractability=false, platform=XP, proxy=Proxy(), goog:chromeOptions={debuggerAddress=localhost:62610}, acceptInsecureCerts=false, browserVersion=78.0.3904.97, browserName=chrome, javascriptEnabled=true, platformName=XP, setWindowRect=true}]
Session ID: 778fef50de719e1862f0dd6648e2f805
*** Element info: {Using=xpath, value=//*[@id=&amp;apos;order-contact&amp;apos;]/div/div[2]/div[4]/p}">
      <![CDATA[org.openqa.selenium.NoSuchElementException: no such element: Unable to locate element: {"method":"xpath","selector":"//*[@id='order-contact']/div/div[2]/div[4]/p"}
  (Session info: chrome=78.0.3904.97)
For documentation on this error, please visit: http://seleniumhq.org/exceptions/no_such_element.html
Build info: version: '3.6.0', revision: '6fbf3ec767', time: '2017-09-27T15:28:36.4Z'
System info: host: 'MACPK-WKS-0132', ip: '172.25.178.139', os.name: 'Windows 10', os.arch: 'amd64', os.version: '10.0', java.version: '12.0.2'
Driver info: org.openqa.selenium.chrome.ChromeDriver
Capabilities [{networkConnectionEnabled=false, chrome={chromedriverVersion=78.0.3904.70 (edb9c9f3de0247fd912a77b7f6cae7447f6d3ad5-refs/branch-heads/3904@{#800}), userDataDir=C:\Users\MUHAMM~1.IFT\AppData\Local\Temp\scoped_dir16940_384956409}, timeouts={implicit=0, pageLoad=300000, script=30000}, pageLoadStrategy=normal, unhandledPromptBehavior=dismiss and notify, strictFileInteractability=false, platform=XP, proxy=Proxy(), goog:chromeOptions={debuggerAddress=localhost:62610}, acceptInsecureCerts=false, browserVersion=78.0.3904.97, browserName=chrome, javascriptEnabled=true, platformName=XP, setWindowRect=true}]
Session ID: 778fef50de719e1862f0dd6648e2f805
*** Element info: {Using=xpath, value=//*[@id='order-contact']/div/div[2]/div[4]/p}
at java.base/jdk.internal.reflect.NativeConstructorAccessorImpl.newInstance0(Native Method)
at java.base/jdk.internal.reflect.NativeConstructorAccessorImpl.newInstance(NativeConstructorAccessorImpl.java:62)
at java.base/jdk.internal.reflect.DelegatingConstructorAccessorImpl.newInstance(DelegatingConstructorAccessorImpl.java:45)
at java.base/java.lang.reflect.Constructor.newInstanceWithCaller(Constructor.java:500)
at java.base/java.lang.reflect.Constructor.newInstance(Constructor.java:481)
at org.openqa.selenium.remote.http.W3CHttpResponseCodec.createException(W3CHttpResponseCodec.java:185)
at org.openqa.selenium.remote.http.W3CHttpResponseCodec.decode(W3CHttpResponseCodec.java:120)
at org.openqa.selenium.remote.http.W3CHttpResponseCodec.decode(W3CHttpResponseCodec.java:49)
at org.openqa.selenium.remote.HttpCommandExecutor.execute(HttpCommandExecutor.java:164)
at org.openqa.selenium.remote.service.DriverCommandExecutor.execute(DriverCommandExecutor.java:83)
at org.openqa.selenium.remote.RemoteWebDriver.execute(RemoteWebDriver.java:586)
at org.openqa.selenium.remote.RemoteWebDriver.findElement(RemoteWebDriver.java:356)
at org.openqa.selenium.remote.RemoteWebDriver.findElementByXPath(RemoteWebDriver.java:458)
at org.openqa.selenium.By$ByXPath.findElement(By.java:361)
at org.openqa.selenium.remote.RemoteWebDriver.findElement(RemoteWebDriver.java:348)
at org.openqa.selenium.support.pagefactory.DefaultElementLocator.findElement(DefaultElementLocator.java:69)
at org.openqa.selenium.support.pagefactory.internal.LocatingElementHandler.invoke(LocatingElementHandler.java:38)
at com.sun.proxy.$Proxy13.isDisplayed(Unknown Source)
at OrdersTestcases.CreateQuote.ShipAccountNo_Visibility_QuoteDocument_Verification(CreateQuote.java:505)
at Master.OrdersExecution1.ShipAccountNo_Visibility_QuoteDocumentVerification(OrdersExecution1.java:211)
at java.base/jdk.internal.reflect.NativeMethodAccessorImpl.invoke0(Native Method)
at java.base/jdk.internal.reflect.NativeMethodAccessorImpl.invoke(NativeMethodAccessorImpl.java:62)
at java.base/jdk.internal.reflect.DelegatingMethodAccessorImpl.invoke(DelegatingMethodAccessorImpl.java:43)
at java.base/java.lang.reflect.Method.invoke(Method.java:567)
at org.testng.internal.MethodInvocationHelper.invokeMethod(MethodInvocationHelper.java:124)
at org.testng.internal.Invoker.invokeMethod(Invoker.java:583)
at org.testng.internal.Invoker.invokeTestMethod(Invoker.java:719)
at org.testng.internal.Invoker.invokeTestMethods(Invoker.java:989)
at org.testng.internal.TestMethodWorker.invokeTestMethods(TestMethodWorker.java:125)
at org.testng.internal.TestMethodWorker.run(TestMethodWorker.java:109)
at org.testng.TestRunner.privateRun(TestRunner.java:648)
at org.testng.TestRunner.run(TestRunner.java:505)
at org.testng.SuiteRunner.runTest(SuiteRunner.java:455)
at org.testng.SuiteRunner.runSequentially(SuiteRunner.java:450)
at org.testng.SuiteRunner.privateRun(SuiteRunner.java:415)
at org.testng.SuiteRunner.run(SuiteRunner.java:364)
at org.testng.SuiteRunnerWorker.runSuite(SuiteRunnerWorker.java:52)
at org.testng.SuiteRunnerWorker.run(SuiteRunnerWorker.java:84)
at org.testng.TestNG.runSuitesSequentially(TestNG.java:1208)
at org.testng.TestNG.runSuitesLocally(TestNG.java:1137)
at org.testng.TestNG.runSuites(TestNG.java:1049)
at org.testng.TestNG.run(TestNG.java:1017)
at org.testng.remote.AbstractRemoteTestNG.run(AbstractRemoteTestNG.java:115)
at org.testng.remote.RemoteTestNG.initAndRun(RemoteTestNG.java:251)
at org.testng.remote.RemoteTestNG.main(RemoteTestNG.java:77)
]]>
    </failure>
  </testcase> <!-- ShipAccountNo_Visibility_QuoteDocumentVerification -->
  <testcase classname="Master.OrdersExecution1" name="AccountNo_Visible_Checkbox_Selected_Verification_AtProductLevel" time="10.499"/>
  <testcase classname="Master.OrdersExecution1" name="Quote_Download" time="20.515"/>
  <testcase classname="Master.OrdersExecution1" name="CreateOrder_FromQuote_LinkedTransactionInvoice" time="73.031"/>
  <testcase classname="Master.OrdersExecution1" name="ShipAccountNo_Visibility_InvoiceDocumentVerification" time="11.757"/>
  <testcase classname="Master.OrdersExecution1" name="CPN_NumberVisibilityAtInvoiceDoc_Verification" time="0.642"/>
  <testcase classname="Master.OrdersExecution1" name="VendorNotes_DecoratorNotes_Visible_checkbox_SelectedAtProductLevel_InvoicePreviewVerification" time="3.484"/>
  <testcase classname="Master.OrdersExecution1" name="LinkedTransaction_Navigation_To_OrderScreen" time="7.899"/>
  <testcase classname="Master.OrdersExecution1" name="CreateOrder_Delete_Orderwith_Associated_Invoices" time="5.451"/>
  <testcase classname="Master.OrdersExecution1" name="ShipAccountNo_AcknowledgementDocumentVerification" time="33.141"/>
  <testcase classname="Master.OrdersExecution1" name="VendorNotes_DecoratorNotes_Visible_checkbox_SelectedAtProductLevel_AcknowledgementPreviewVerification" time="4.556"/>
  <testcase classname="Master.OrdersExecution1" name="CreateOrder_LinkedTransactions_Navigation_ToQuoteScreen" time="8.961"/>
  <testcase classname="Master.OrdersExecution1" name="Enterpaymentpartial" time="28.37"/>
  <testcase classname="Master.OrdersExecution1" name="DeleteInvoice_WithPaymentLeft" time="35.798"/>
  <testcase classname="Master.OrdersExecution1" name="Full_Payment_Verify" time="15.747"/>
  <testcase classname="Master.OrdersExecution1" name="Shipping_AddressEditing" time="29.181"/>
  <testcase classname="Master.OrdersExecution1" name="Partial_PaymentLink_Verification" time="40.086"/>
  <testcase classname="Master.OrdersExecution1" name="Reorder_Verification" time="42.954"/>
  <testcase classname="Master.OrdersExecution1" name="FieldsData_Verifications_AfterReorder" time="0.405"/>
  <testcase classname="Master.OrdersExecution1" name="New_InhandDate_AfterReorderVerification" time="163.711"/>
  <testcase classname="Master.OrdersExecution1" name="Linked_Transaction_ReOrder_Verifications" time="1.792"/>
  <testcase classname="Master.OrdersExecution1" name="InvoiceCreationBillingAddress" time="19.194"/>
  <testcase classname="Master.OrdersExecution1" name="CreateInvoiceShippingAddress_Verification" time="0.391"/>
  <testcase classname="Master.OrdersExecution1" name="Product_AddedTo_Invoice" time="12.282"/>
  <testcase classname="Master.OrdersExecution1" name="CreateInvoice" time="58.033"/>
  <testcase classname="Master.OrdersExecution1" name="CreateOrder_BillingAddressVerification" time="28.805"/>
  <testcase classname="Master.OrdersExecution1" name="CreateOrder_ShippingAddressVerification" time="0.281"/>
  <testcase classname="Master.OrdersExecution1" name="CreateOrder_AcknowlodgementAddressVerification" time="0.278"/>
  <testcase classname="Master.OrdersExecution1" name="Net25_Net45_Net90_50PercentAdvance_50PercentUponCompletion_Net75_Terms_DropdownValuesVerification" time="1.347"/>
  <testcase classname="Master.OrdersExecution1" name="FedExOvernight_FedExFLEXExpress_ShipVia_DropdownValuesVerification" time="2.797"/>
</testsuite> <!-- Default test -->
